This is pdfTeX, Version 3.14159265-2.6-1.40.20 (TeX Live 2019) (preloaded format=pdflatex 2019.7.19)  29 OCT 2020 03:26
entering extended mode
 restricted \write18 enabled.
 file:line:error style messages enabled.
 %&-line parsing enabled.
**hw4.tex
(./hw4.tex
LaTeX2e <2018-12-01>
(/usr/local/texlive/2019/texmf-dist/tex/latex/base/article.cls
Document Class: article 2018/09/03 v1.4i Standard LaTeX document class
(/usr/local/texlive/2019/texmf-dist/tex/latex/base/size10.clo
File: size10.clo 2018/09/03 v1.4i Standard LaTeX file (size option)
)
\c@part=\count80
\c@section=\count81
\c@subsection=\count82
\c@subsubsection=\count83
\c@paragraph=\count84
\c@subparagraph=\count85
\c@figure=\count86
\c@table=\count87
\abovecaptionskip=\skip41
\belowcaptionskip=\skip42
\bibindent=\dimen102
)
(/usr/local/texlive/2019/texmf-dist/tex/generic/babel/babel.sty
Package: babel 2019/05/04 3.31 The Babel package

(/usr/local/texlive/2019/texmf-dist/tex/generic/babel/switch.def
File: switch.def 2019/05/04 3.31 Babel switching mechanism
)
(/usr/local/texlive/2019/texmf-dist/tex/generic/babel-english/english.ldf
Language: english 2017/06/06 v3.3r English support from the babel system

(/usr/local/texlive/2019/texmf-dist/tex/generic/babel/babel.def
File: babel.def 2019/05/04 3.31 Babel common definitions
\babel@savecnt=\count88
\U@D=\dimen103

(/usr/local/texlive/2019/texmf-dist/tex/generic/babel/txtbabel.def)
\bbl@dirlevel=\count89
)
\l@canadian = a dialect from \language\l@american 
\l@australian = a dialect from \language\l@british 
\l@newzealand = a dialect from \language\l@british 
))
(/usr/local/texlive/2019/texmf-dist/tex/latex/base/inputenc.sty
Package: inputenc 2018/08/11 v1.3c Input encoding file
\inpenc@prehook=\toks14
\inpenc@posthook=\toks15
)
(/usr/local/texlive/2019/texmf-dist/tex/latex/fancyhdr/fancyhdr.sty
Package: fancyhdr 2019/01/31 v3.10 Extensive control of page headers and footer
s
\f@nch@headwidth=\skip43
\f@nch@O@elh=\skip44
\f@nch@O@erh=\skip45
\f@nch@O@olh=\skip46
\f@nch@O@orh=\skip47
\f@nch@O@elf=\skip48
\f@nch@O@erf=\skip49
\f@nch@O@olf=\skip50
\f@nch@O@orf=\skip51
)
(/usr/local/texlive/2019/texmf-dist/tex/latex/amsmath/amsmath.sty
Package: amsmath 2018/12/01 v2.17b AMS math features
\@mathmargin=\skip52

For additional information on amsmath, use the `?' option.
(/usr/local/texlive/2019/texmf-dist/tex/latex/amsmath/amstext.sty
Package: amstext 2000/06/29 v2.01 AMS text

(/usr/local/texlive/2019/texmf-dist/tex/latex/amsmath/amsgen.sty
File: amsgen.sty 1999/11/30 v2.0 generic functions
\@emptytoks=\toks16
\ex@=\dimen104
))
(/usr/local/texlive/2019/texmf-dist/tex/latex/amsmath/amsbsy.sty
Package: amsbsy 1999/11/29 v1.2d Bold Symbols
\pmbraise@=\dimen105
)
(/usr/local/texlive/2019/texmf-dist/tex/latex/amsmath/amsopn.sty
Package: amsopn 2016/03/08 v2.02 operator names
)
\inf@bad=\count90
LaTeX Info: Redefining \frac on input line 223.
\uproot@=\count91
\leftroot@=\count92
LaTeX Info: Redefining \overline on input line 385.
\classnum@=\count93
\DOTSCASE@=\count94
LaTeX Info: Redefining \ldots on input line 482.
LaTeX Info: Redefining \dots on input line 485.
LaTeX Info: Redefining \cdots on input line 606.
\Mathstrutbox@=\box27
\strutbox@=\box28
\big@size=\dimen106
LaTeX Font Info:    Redeclaring font encoding OML on input line 729.
LaTeX Font Info:    Redeclaring font encoding OMS on input line 730.
\macc@depth=\count95
\c@MaxMatrixCols=\count96
\dotsspace@=\muskip10
\c@parentequation=\count97
\dspbrk@lvl=\count98
\tag@help=\toks17
\row@=\count99
\column@=\count100
\maxfields@=\count101
\andhelp@=\toks18
\eqnshift@=\dimen107
\alignsep@=\dimen108
\tagshift@=\dimen109
\tagwidth@=\dimen110
\totwidth@=\dimen111
\lineht@=\dimen112
\@envbody=\toks19
\multlinegap=\skip53
\multlinetaggap=\skip54
\mathdisplay@stack=\toks20
LaTeX Info: Redefining \[ on input line 2844.
LaTeX Info: Redefining \] on input line 2845.
)
(/usr/local/texlive/2019/texmf-dist/tex/latex/pdfpages/pdfpages.sty
Package: pdfpages 2017/10/31 v0.5l Insert pages of external PDF documents (AM)

(/usr/local/texlive/2019/texmf-dist/tex/latex/base/ifthen.sty
Package: ifthen 2014/09/29 v1.1c Standard LaTeX ifthen package (DPC)
)
(/usr/local/texlive/2019/texmf-dist/tex/latex/tools/calc.sty
Package: calc 2017/05/25 v4.3 Infix arithmetic (KKT,FJ)
\calc@Acount=\count102
\calc@Bcount=\count103
\calc@Adimen=\dimen113
\calc@Bdimen=\dimen114
\calc@Askip=\skip55
\calc@Bskip=\skip56
LaTeX Info: Redefining \setlength on input line 80.
LaTeX Info: Redefining \addtolength on input line 81.
\calc@Ccount=\count104
\calc@Cskip=\skip57
)
(/usr/local/texlive/2019/texmf-dist/tex/latex/eso-pic/eso-pic.sty
Package: eso-pic 2018/04/12 v2.0h eso-pic (RN)

(/usr/local/texlive/2019/texmf-dist/tex/generic/oberdiek/atbegshi.sty
Package: atbegshi 2016/06/09 v1.18 At begin shipout hook (HO)

(/usr/local/texlive/2019/texmf-dist/tex/generic/oberdiek/infwarerr.sty
Package: infwarerr 2016/05/16 v1.4 Providing info/warning/error messages (HO)
)
(/usr/local/texlive/2019/texmf-dist/tex/generic/oberdiek/ltxcmds.sty
Package: ltxcmds 2016/05/16 v1.23 LaTeX kernel commands for general use (HO)
)
(/usr/local/texlive/2019/texmf-dist/tex/generic/oberdiek/ifpdf.sty
Package: ifpdf 2018/09/07 v3.3 Provides the ifpdf switch
))
(/usr/local/texlive/2019/texmf-dist/tex/latex/graphics/keyval.sty
Package: keyval 2014/10/28 v1.15 key=value parser (DPC)
\KV@toks@=\toks21
)
(/usr/local/texlive/2019/texmf-dist/tex/latex/xcolor/xcolor.sty
Package: xcolor 2016/05/11 v2.12 LaTeX color extensions (UK)

(/usr/local/texlive/2019/texmf-dist/tex/latex/graphics-cfg/color.cfg
File: color.cfg 2016/01/02 v1.6 sample color configuration
)
Package xcolor Info: Driver file: pdftex.def on input line 225.

(/usr/local/texlive/2019/texmf-dist/tex/latex/graphics-def/pdftex.def
File: pdftex.def 2018/01/08 v1.0l Graphics/color driver for pdftex
)
Package xcolor Info: Model `cmy' substituted by `cmy0' on input line 1348.
Package xcolor Info: Model `hsb' substituted by `rgb' on input line 1352.
Package xcolor Info: Model `RGB' extended on input line 1364.
Package xcolor Info: Model `HTML' substituted by `rgb' on input line 1366.
Package xcolor Info: Model `Hsb' substituted by `hsb' on input line 1367.
Package xcolor Info: Model `tHsb' substituted by `hsb' on input line 1368.
Package xcolor Info: Model `HSB' substituted by `hsb' on input line 1369.
Package xcolor Info: Model `Gray' substituted by `gray' on input line 1370.
Package xcolor Info: Model `wave' substituted by `hsb' on input line 1371.
))
(/usr/local/texlive/2019/texmf-dist/tex/latex/graphics/graphicx.sty
Package: graphicx 2017/06/01 v1.1a Enhanced LaTeX Graphics (DPC,SPQR)

(/usr/local/texlive/2019/texmf-dist/tex/latex/graphics/graphics.sty
Package: graphics 2017/06/25 v1.2c Standard LaTeX Graphics (DPC,SPQR)

(/usr/local/texlive/2019/texmf-dist/tex/latex/graphics/trig.sty
Package: trig 2016/01/03 v1.10 sin cos tan (DPC)
)
(/usr/local/texlive/2019/texmf-dist/tex/latex/graphics-cfg/graphics.cfg
File: graphics.cfg 2016/06/04 v1.11 sample graphics configuration
)
Package graphics Info: Driver file: pdftex.def on input line 99.
)
\Gin@req@height=\dimen115
\Gin@req@width=\dimen116
)
\AM@pagewidth=\dimen117
\AM@pageheight=\dimen118

(/usr/local/texlive/2019/texmf-dist/tex/latex/pdfpages/pppdftex.def
File: pppdftex.def 2017/10/31 v0.5l Pdfpages driver for pdfTeX (AM)
)
\AM@pagebox=\box29
\AM@global@opts=\toks22
\AM@toc@title=\toks23
\c@AM@survey=\count105
\AM@templatesizebox=\box30
)
(./hw4.aux)
\openout1 = `hw4.aux'.

LaTeX Font Info:    Checking defaults for OML/cmm/m/it on input line 14.
LaTeX Font Info:    ... okay on input line 14.
LaTeX Font Info:    Checking defaults for T1/cmr/m/n on input line 14.
LaTeX Font Info:    ... okay on input line 14.
LaTeX Font Info:    Checking defaults for OT1/cmr/m/n on input line 14.
LaTeX Font Info:    ... okay on input line 14.
LaTeX Font Info:    Checking defaults for OMS/cmsy/m/n on input line 14.
LaTeX Font Info:    ... okay on input line 14.
LaTeX Font Info:    Checking defaults for OMX/cmex/m/n on input line 14.
LaTeX Font Info:    ... okay on input line 14.
LaTeX Font Info:    Checking defaults for U/cmr/m/n on input line 14.
LaTeX Font Info:    ... okay on input line 14.
\AtBeginShipoutBox=\box31

(/usr/local/texlive/2019/texmf-dist/tex/context/base/mkii/supp-pdf.mkii
[Loading MPS to PDF converter (version 2006.09.02).]
\scratchcounter=\count106
\scratchdimen=\dimen119
\scratchbox=\box32
\nofMPsegments=\count107
\nofMParguments=\count108
\everyMPshowfont=\toks24
\MPscratchCnt=\count109
\MPscratchDim=\dimen120
\MPnumerator=\count110
\makeMPintoPDFobject=\count111
\everyMPtoPDFconversion=\toks25
) (/usr/local/texlive/2019/texmf-dist/tex/latex/oberdiek/epstopdf-base.sty
Package: epstopdf-base 2016/05/15 v2.6 Base part for package epstopdf

(/usr/local/texlive/2019/texmf-dist/tex/latex/oberdiek/grfext.sty
Package: grfext 2016/05/16 v1.2 Manage graphics extensions (HO)

(/usr/local/texlive/2019/texmf-dist/tex/generic/oberdiek/kvdefinekeys.sty
Package: kvdefinekeys 2016/05/16 v1.4 Define keys (HO)
))
(/usr/local/texlive/2019/texmf-dist/tex/latex/oberdiek/kvoptions.sty
Package: kvoptions 2016/05/16 v3.12 Key value format for package options (HO)

(/usr/local/texlive/2019/texmf-dist/tex/generic/oberdiek/kvsetkeys.sty
Package: kvsetkeys 2016/05/16 v1.17 Key value parser (HO)

(/usr/local/texlive/2019/texmf-dist/tex/generic/oberdiek/etexcmds.sty
Package: etexcmds 2016/05/16 v1.6 Avoid name clashes with e-TeX commands (HO)

(/usr/local/texlive/2019/texmf-dist/tex/generic/oberdiek/ifluatex.sty
Package: ifluatex 2016/05/16 v1.4 Provides the ifluatex switch (HO)
Package ifluatex Info: LuaTeX not detected.
))))
(/usr/local/texlive/2019/texmf-dist/tex/generic/oberdiek/pdftexcmds.sty
Package: pdftexcmds 2018/09/10 v0.29 Utility functions of pdfTeX for LuaTeX (HO
)
Package pdftexcmds Info: LuaTeX not detected.
Package pdftexcmds Info: \pdf@primitive is available.
Package pdftexcmds Info: \pdf@ifprimitive is available.
Package pdftexcmds Info: \pdfdraftmode found.
)
Package epstopdf-base Info: Redefining graphics rule for `.eps' on input line 4
38.
Package grfext Info: Graphics extension search list:
(grfext)             [.pdf,.png,.jpg,.mps,.jpeg,.jbig2,.jb2,.PDF,.PNG,.JPG,.JPE
G,.JBIG2,.JB2,.eps]
(grfext)             \AppendGraphicsExtensions on input line 456.

(/usr/local/texlive/2019/texmf-dist/tex/latex/latexconfig/epstopdf-sys.cfg
File: epstopdf-sys.cfg 2010/07/13 v1.3 Configuration of (r)epstopdf for TeX Liv
e
))
(/usr/local/texlive/2019/texmf-dist/tex/latex/oberdiek/pdflscape.sty
Package: pdflscape 2016/05/14 v0.11 Display of landscape pages in PDF (HO)

(/usr/local/texlive/2019/texmf-dist/tex/latex/graphics/lscape.sty
Package: lscape 2000/10/22 v3.01 Landscape Pages (DPC)
)
Package pdflscape Info: Auto-detected driver: pdftex on input line 81.

(/usr/local/texlive/2019/texmf-dist/tex/generic/ifxetex/ifxetex.sty
Package: ifxetex 2010/09/12 v0.6 Provides ifxetex conditional
)) [1{/usr/local/texlive/2019/texmf-var/fonts/map/pdftex/updmap/pdftex.map}

]

Package pdfpages Warning: Option `page' is unknow to \includepdf.
(pdfpages)                Did you mean `pages'? (Note the `s'!)
(pdfpages)                OK, I'll proceed as if it were `pages'.

<hw4_decision_tree_Appendix_2.pdf, id=9, 614.295pt x 794.97pt>
File: hw4_decision_tree_Appendix_2.pdf Graphic file (type pdf)
<use hw4_decision_tree_Appendix_2.pdf>
Package pdftex.def Info: hw4_decision_tree_Appendix_2.pdf  used on input line 6
6.
(pdftex.def)             Requested size: 614.29349pt x 794.96806pt.
File: hw4_decision_tree_Appendix_2.pdf Graphic file (type pdf)
<use hw4_decision_tree_Appendix_2.pdf>
Package pdftex.def Info: hw4_decision_tree_Appendix_2.pdf  used on input line 6
6.
(pdftex.def)             Requested size: 614.29349pt x 794.96806pt.
<hw4_decision_tree_Appendix_2.pdf, id=12, page=1, 614.295pt x 794.97pt>
File: hw4_decision_tree_Appendix_2.pdf Graphic file (type pdf)
<use hw4_decision_tree_Appendix_2.pdf, page 1>
Package pdftex.def Info: hw4_decision_tree_Appendix_2.pdf , page1 used on input
 line 66.
(pdftex.def)             Requested size: 614.29349pt x 794.96806pt.
File: hw4_decision_tree_Appendix_2.pdf Graphic file (type pdf)
<use hw4_decision_tree_Appendix_2.pdf, page 1>
Package pdftex.def Info: hw4_decision_tree_Appendix_2.pdf , page1 used on input
 line 66.
(pdftex.def)             Requested size: 614.58406pt x 795.3441pt.
[2]
File: hw4_decision_tree_Appendix_2.pdf Graphic file (type pdf)
<use hw4_decision_tree_Appendix_2.pdf, page 1>
Package pdftex.def Info: hw4_decision_tree_Appendix_2.pdf , page1 used on input
 line 66.
(pdftex.def)             Requested size: 614.58406pt x 795.3441pt.
File: hw4_decision_tree_Appendix_2.pdf Graphic file (type pdf)
<use hw4_decision_tree_Appendix_2.pdf, page 1>
Package pdftex.def Info: hw4_decision_tree_Appendix_2.pdf , page1 used on input
 line 66.
(pdftex.def)             Requested size: 614.58406pt x 795.3441pt.
File: hw4_decision_tree_Appendix_2.pdf Graphic file (type pdf)
<use hw4_decision_tree_Appendix_2.pdf, page 1>
Package pdftex.def Info: hw4_decision_tree_Appendix_2.pdf , page1 used on input
 line 66.
(pdftex.def)             Requested size: 614.58406pt x 795.3441pt.
 [3 <./hw4_decision_tree_Appendix_2.pdf>]
<hw4_decision_tree_Appendix_2.pdf, id=70, page=2, 614.295pt x 794.97pt>
File: hw4_decision_tree_Appendix_2.pdf Graphic file (type pdf)
<use hw4_decision_tree_Appendix_2.pdf, page 2>
Package pdftex.def Info: hw4_decision_tree_Appendix_2.pdf , page2 used on input
 line 66.
(pdftex.def)             Requested size: 614.58406pt x 795.3441pt.
File: hw4_decision_tree_Appendix_2.pdf Graphic file (type pdf)
<use hw4_decision_tree_Appendix_2.pdf, page 2>
Package pdftex.def Info: hw4_decision_tree_Appendix_2.pdf , page2 used on input
 line 66.
(pdftex.def)             Requested size: 614.58406pt x 795.3441pt.
File: hw4_decision_tree_Appendix_2.pdf Graphic file (type pdf)
<use hw4_decision_tree_Appendix_2.pdf, page 2>
Package pdftex.def Info: hw4_decision_tree_Appendix_2.pdf , page2 used on input
 line 66.
(pdftex.def)             Requested size: 614.58406pt x 795.3441pt.
 [4 <./hw4_decision_tree_Appendix_2.pdf>]
<hw4_decision_tree_Appendix_2.pdf, id=85, page=3, 614.295pt x 794.97pt>
File: hw4_decision_tree_Appendix_2.pdf Graphic file (type pdf)
<use hw4_decision_tree_Appendix_2.pdf, page 3>
Package pdftex.def Info: hw4_decision_tree_Appendix_2.pdf , page3 used on input
 line 66.
(pdftex.def)             Requested size: 614.58406pt x 795.3441pt.
File: hw4_decision_tree_Appendix_2.pdf Graphic file (type pdf)
<use hw4_decision_tree_Appendix_2.pdf, page 3>
Package pdftex.def Info: hw4_decision_tree_Appendix_2.pdf , page3 used on input
 line 66.
(pdftex.def)             Requested size: 614.58406pt x 795.3441pt.
File: hw4_decision_tree_Appendix_2.pdf Graphic file (type pdf)
<use hw4_decision_tree_Appendix_2.pdf, page 3>
Package pdftex.def Info: hw4_decision_tree_Appendix_2.pdf , page3 used on input
 line 66.
(pdftex.def)             Requested size: 614.58406pt x 795.3441pt.
 [5 <./hw4_decision_tree_Appendix_2.pdf>]
<hw4_decision_tree_Appendix_2.pdf, id=89, page=4, 614.295pt x 794.97pt>
File: hw4_decision_tree_Appendix_2.pdf Graphic file (type pdf)
<use hw4_decision_tree_Appendix_2.pdf, page 4>
Package pdftex.def Info: hw4_decision_tree_Appendix_2.pdf , page4 used on input
 line 66.
(pdftex.def)             Requested size: 614.58406pt x 795.3441pt.
File: hw4_decision_tree_Appendix_2.pdf Graphic file (type pdf)
<use hw4_decision_tree_Appendix_2.pdf, page 4>
Package pdftex.def Info: hw4_decision_tree_Appendix_2.pdf , page4 used on input
 line 66.
(pdftex.def)             Requested size: 614.58406pt x 795.3441pt.
File: hw4_decision_tree_Appendix_2.pdf Graphic file (type pdf)
<use hw4_decision_tree_Appendix_2.pdf, page 4>
Package pdftex.def Info: hw4_decision_tree_Appendix_2.pdf , page4 used on input
 line 66.
(pdftex.def)             Requested size: 614.58406pt x 795.3441pt.
 [6 <./hw4_decision_tree_Appendix_2.pdf>]
<hw4_decision_tree_Appendix_2.pdf, id=93, page=5, 614.295pt x 794.97pt>
File: hw4_decision_tree_Appendix_2.pdf Graphic file (type pdf)
<use hw4_decision_tree_Appendix_2.pdf, page 5>
Package pdftex.def Info: hw4_decision_tree_Appendix_2.pdf , page5 used on input
 line 66.
(pdftex.def)             Requested size: 614.58406pt x 795.3441pt.
File: hw4_decision_tree_Appendix_2.pdf Graphic file (type pdf)
<use hw4_decision_tree_Appendix_2.pdf, page 5>
Package pdftex.def Info: hw4_decision_tree_Appendix_2.pdf , page5 used on input
 line 66.
(pdftex.def)             Requested size: 614.58406pt x 795.3441pt.
File: hw4_decision_tree_Appendix_2.pdf Graphic file (type pdf)
<use hw4_decision_tree_Appendix_2.pdf, page 5>
Package pdftex.def Info: hw4_decision_tree_Appendix_2.pdf , page5 used on input
 line 66.
(pdftex.def)             Requested size: 614.58406pt x 795.3441pt.
 [7 <./hw4_decision_tree_Appendix_2.pdf>]
<hw4_decision_tree_Appendix_2.pdf, id=98, page=6, 614.295pt x 794.97pt>
File: hw4_decision_tree_Appendix_2.pdf Graphic file (type pdf)
<use hw4_decision_tree_Appendix_2.pdf, page 6>
Package pdftex.def Info: hw4_decision_tree_Appendix_2.pdf , page6 used on input
 line 66.
(pdftex.def)             Requested size: 614.58406pt x 795.3441pt.
File: hw4_decision_tree_Appendix_2.pdf Graphic file (type pdf)
<use hw4_decision_tree_Appendix_2.pdf, page 6>
Package pdftex.def Info: hw4_decision_tree_Appendix_2.pdf , page6 used on input
 line 66.
(pdftex.def)             Requested size: 614.58406pt x 795.3441pt.
File: hw4_decision_tree_Appendix_2.pdf Graphic file (type pdf)
<use hw4_decision_tree_Appendix_2.pdf, page 6>
Package pdftex.def Info: hw4_decision_tree_Appendix_2.pdf , page6 used on input
 line 66.
(pdftex.def)             Requested size: 614.58406pt x 795.3441pt.
 [8 <./hw4_decision_tree_Appendix_2.pdf>]
<hw4_decision_tree_Appendix_2.pdf, id=102, page=7, 614.295pt x 794.97pt>
File: hw4_decision_tree_Appendix_2.pdf Graphic file (type pdf)
<use hw4_decision_tree_Appendix_2.pdf, page 7>
Package pdftex.def Info: hw4_decision_tree_Appendix_2.pdf , page7 used on input
 line 66.
(pdftex.def)             Requested size: 614.58406pt x 795.3441pt.
File: hw4_decision_tree_Appendix_2.pdf Graphic file (type pdf)
<use hw4_decision_tree_Appendix_2.pdf, page 7>
Package pdftex.def Info: hw4_decision_tree_Appendix_2.pdf , page7 used on input
 line 66.
(pdftex.def)             Requested size: 614.58406pt x 795.3441pt.
File: hw4_decision_tree_Appendix_2.pdf Graphic file (type pdf)
<use hw4_decision_tree_Appendix_2.pdf, page 7>
Package pdftex.def Info: hw4_decision_tree_Appendix_2.pdf , page7 used on input
 line 66.
(pdftex.def)             Requested size: 614.58406pt x 795.3441pt.
 [9 <./hw4_decision_tree_Appendix_2.pdf>]
<hw4_decision_tree_Appendix_2.pdf, id=106, page=8, 614.295pt x 794.97pt>
File: hw4_decision_tree_Appendix_2.pdf Graphic file (type pdf)
<use hw4_decision_tree_Appendix_2.pdf, page 8>
Package pdftex.def Info: hw4_decision_tree_Appendix_2.pdf , page8 used on input
 line 66.
(pdftex.def)             Requested size: 614.58406pt x 795.3441pt.
File: hw4_decision_tree_Appendix_2.pdf Graphic file (type pdf)
<use hw4_decision_tree_Appendix_2.pdf, page 8>
Package pdftex.def Info: hw4_decision_tree_Appendix_2.pdf , page8 used on input
 line 66.
(pdftex.def)             Requested size: 614.58406pt x 795.3441pt.
File: hw4_decision_tree_Appendix_2.pdf Graphic file (type pdf)
<use hw4_decision_tree_Appendix_2.pdf, page 8>
Package pdftex.def Info: hw4_decision_tree_Appendix_2.pdf , page8 used on input
 line 66.
(pdftex.def)             Requested size: 614.58406pt x 795.3441pt.
 [10 <./hw4_decision_tree_Appendix_2.pdf>]
<hw4_decision_tree_Appendix_2.pdf, id=110, page=9, 614.295pt x 794.97pt>
File: hw4_decision_tree_Appendix_2.pdf Graphic file (type pdf)
<use hw4_decision_tree_Appendix_2.pdf, page 9>
Package pdftex.def Info: hw4_decision_tree_Appendix_2.pdf , page9 used on input
 line 66.
(pdftex.def)             Requested size: 614.58406pt x 795.3441pt.
File: hw4_decision_tree_Appendix_2.pdf Graphic file (type pdf)
<use hw4_decision_tree_Appendix_2.pdf, page 9>
Package pdftex.def Info: hw4_decision_tree_Appendix_2.pdf , page9 used on input
 line 66.
(pdftex.def)             Requested size: 614.58406pt x 795.3441pt.
File: hw4_decision_tree_Appendix_2.pdf Graphic file (type pdf)
<use hw4_decision_tree_Appendix_2.pdf, page 9>
Package pdftex.def Info: hw4_decision_tree_Appendix_2.pdf , page9 used on input
 line 66.
(pdftex.def)             Requested size: 614.58406pt x 795.3441pt.
 [11 <./hw4_decision_tree_Appendix_2.pdf>]
<hw4_decision_tree_Appendix_2.pdf, id=114, page=10, 614.295pt x 794.97pt>
File: hw4_decision_tree_Appendix_2.pdf Graphic file (type pdf)
<use hw4_decision_tree_Appendix_2.pdf, page 10>
Package pdftex.def Info: hw4_decision_tree_Appendix_2.pdf , page10 used on inpu
t line 66.
(pdftex.def)             Requested size: 614.58406pt x 795.3441pt.
File: hw4_decision_tree_Appendix_2.pdf Graphic file (type pdf)
<use hw4_decision_tree_Appendix_2.pdf, page 10>
Package pdftex.def Info: hw4_decision_tree_Appendix_2.pdf , page10 used on inpu
t line 66.
(pdftex.def)             Requested size: 614.58406pt x 795.3441pt.
File: hw4_decision_tree_Appendix_2.pdf Graphic file (type pdf)
<use hw4_decision_tree_Appendix_2.pdf, page 10>
Package pdftex.def Info: hw4_decision_tree_Appendix_2.pdf , page10 used on inpu
t line 66.
(pdftex.def)             Requested size: 614.58406pt x 795.3441pt.
 [12 <./hw4_decision_tree_Appendix_2.pdf>]
<hw4_decision_tree_Appendix_2.pdf, id=118, page=11, 614.295pt x 794.97pt>
File: hw4_decision_tree_Appendix_2.pdf Graphic file (type pdf)
<use hw4_decision_tree_Appendix_2.pdf, page 11>
Package pdftex.def Info: hw4_decision_tree_Appendix_2.pdf , page11 used on inpu
t line 66.
(pdftex.def)             Requested size: 614.58406pt x 795.3441pt.
File: hw4_decision_tree_Appendix_2.pdf Graphic file (type pdf)
<use hw4_decision_tree_Appendix_2.pdf, page 11>
Package pdftex.def Info: hw4_decision_tree_Appendix_2.pdf , page11 used on inpu
t line 66.
(pdftex.def)             Requested size: 614.58406pt x 795.3441pt.
File: hw4_decision_tree_Appendix_2.pdf Graphic file (type pdf)
<use hw4_decision_tree_Appendix_2.pdf, page 11>
Package pdftex.def Info: hw4_decision_tree_Appendix_2.pdf , page11 used on inpu
t line 66.
(pdftex.def)             Requested size: 614.58406pt x 795.3441pt.
 [13 <./hw4_decision_tree_Appendix_2.pdf>]
<hw4_decision_tree_Appendix_2.pdf, id=123, page=12, 614.295pt x 794.97pt>
File: hw4_decision_tree_Appendix_2.pdf Graphic file (type pdf)
<use hw4_decision_tree_Appendix_2.pdf, page 12>
Package pdftex.def Info: hw4_decision_tree_Appendix_2.pdf , page12 used on inpu
t line 66.
(pdftex.def)             Requested size: 614.58406pt x 795.3441pt.
File: hw4_decision_tree_Appendix_2.pdf Graphic file (type pdf)
<use hw4_decision_tree_Appendix_2.pdf, page 12>
Package pdftex.def Info: hw4_decision_tree_Appendix_2.pdf , page12 used on inpu
t line 66.
(pdftex.def)             Requested size: 614.58406pt x 795.3441pt.
File: hw4_decision_tree_Appendix_2.pdf Graphic file (type pdf)
<use hw4_decision_tree_Appendix_2.pdf, page 12>
Package pdftex.def Info: hw4_decision_tree_Appendix_2.pdf , page12 used on inpu
t line 66.
(pdftex.def)             Requested size: 614.58406pt x 795.3441pt.
 [14 <./hw4_decision_tree_Appendix_2.pdf>]
<hw4_decision_tree_Appendix_2.pdf, id=127, page=13, 614.295pt x 794.97pt>
File: hw4_decision_tree_Appendix_2.pdf Graphic file (type pdf)
<use hw4_decision_tree_Appendix_2.pdf, page 13>
Package pdftex.def Info: hw4_decision_tree_Appendix_2.pdf , page13 used on inpu
t line 66.
(pdftex.def)             Requested size: 614.58406pt x 795.3441pt.
File: hw4_decision_tree_Appendix_2.pdf Graphic file (type pdf)
<use hw4_decision_tree_Appendix_2.pdf, page 13>
Package pdftex.def Info: hw4_decision_tree_Appendix_2.pdf , page13 used on inpu
t line 66.
(pdftex.def)             Requested size: 614.58406pt x 795.3441pt.
File: hw4_decision_tree_Appendix_2.pdf Graphic file (type pdf)
<use hw4_decision_tree_Appendix_2.pdf, page 13>
Package pdftex.def Info: hw4_decision_tree_Appendix_2.pdf , page13 used on inpu
t line 66.
(pdftex.def)             Requested size: 614.58406pt x 795.3441pt.
 [15 <./hw4_decision_tree_Appendix_2.pdf>]
<hw4_decision_tree_Appendix_2.pdf, id=131, page=14, 614.295pt x 794.97pt>
File: hw4_decision_tree_Appendix_2.pdf Graphic file (type pdf)
<use hw4_decision_tree_Appendix_2.pdf, page 14>
Package pdftex.def Info: hw4_decision_tree_Appendix_2.pdf , page14 used on inpu
t line 66.
(pdftex.def)             Requested size: 614.58406pt x 795.3441pt.
File: hw4_decision_tree_Appendix_2.pdf Graphic file (type pdf)
<use hw4_decision_tree_Appendix_2.pdf, page 14>
Package pdftex.def Info: hw4_decision_tree_Appendix_2.pdf , page14 used on inpu
t line 66.
(pdftex.def)             Requested size: 614.58406pt x 795.3441pt.
File: hw4_decision_tree_Appendix_2.pdf Graphic file (type pdf)
<use hw4_decision_tree_Appendix_2.pdf, page 14>
Package pdftex.def Info: hw4_decision_tree_Appendix_2.pdf , page14 used on inpu
t line 66.
(pdftex.def)             Requested size: 614.58406pt x 795.3441pt.
 [16 <./hw4_decision_tree_Appendix_2.pdf>]
<hw4_decision_tree_Appendix_2.pdf, id=135, page=15, 614.295pt x 794.97pt>
File: hw4_decision_tree_Appendix_2.pdf Graphic file (type pdf)
<use hw4_decision_tree_Appendix_2.pdf, page 15>
Package pdftex.def Info: hw4_decision_tree_Appendix_2.pdf , page15 used on inpu
t line 66.
(pdftex.def)             Requested size: 614.58406pt x 795.3441pt.
File: hw4_decision_tree_Appendix_2.pdf Graphic file (type pdf)
<use hw4_decision_tree_Appendix_2.pdf, page 15>
Package pdftex.def Info: hw4_decision_tree_Appendix_2.pdf , page15 used on inpu
t line 66.
(pdftex.def)             Requested size: 614.58406pt x 795.3441pt.
File: hw4_decision_tree_Appendix_2.pdf Graphic file (type pdf)
<use hw4_decision_tree_Appendix_2.pdf, page 15>
Package pdftex.def Info: hw4_decision_tree_Appendix_2.pdf , page15 used on inpu
t line 66.
(pdftex.def)             Requested size: 614.58406pt x 795.3441pt.
 [17 <./hw4_decision_tree_Appendix_2.pdf>]
<hw4_decision_tree_Appendix_2.pdf, id=139, page=16, 614.295pt x 794.97pt>
File: hw4_decision_tree_Appendix_2.pdf Graphic file (type pdf)
<use hw4_decision_tree_Appendix_2.pdf, page 16>
Package pdftex.def Info: hw4_decision_tree_Appendix_2.pdf , page16 used on inpu
t line 66.
(pdftex.def)             Requested size: 614.58406pt x 795.3441pt.
File: hw4_decision_tree_Appendix_2.pdf Graphic file (type pdf)
<use hw4_decision_tree_Appendix_2.pdf, page 16>
Package pdftex.def Info: hw4_decision_tree_Appendix_2.pdf , page16 used on inpu
t line 66.
(pdftex.def)             Requested size: 614.58406pt x 795.3441pt.
File: hw4_decision_tree_Appendix_2.pdf Graphic file (type pdf)
<use hw4_decision_tree_Appendix_2.pdf, page 16>
Package pdftex.def Info: hw4_decision_tree_Appendix_2.pdf , page16 used on inpu
t line 66.
(pdftex.def)             Requested size: 614.58406pt x 795.3441pt.

[18 <./hw4_decision_tree_Appendix_2.pdf>]
<hw4_decision_tree_Appendix_2.pdf, id=143, page=17, 614.295pt x 794.97pt>
File: hw4_decision_tree_Appendix_2.pdf Graphic file (type pdf)
<use hw4_decision_tree_Appendix_2.pdf, page 17>
Package pdftex.def Info: hw4_decision_tree_Appendix_2.pdf , page17 used on inpu
t line 66.
(pdftex.def)             Requested size: 614.58406pt x 795.3441pt.
File: hw4_decision_tree_Appendix_2.pdf Graphic file (type pdf)
<use hw4_decision_tree_Appendix_2.pdf, page 17>
Package pdftex.def Info: hw4_decision_tree_Appendix_2.pdf , page17 used on inpu
t line 66.
(pdftex.def)             Requested size: 614.58406pt x 795.3441pt.
File: hw4_decision_tree_Appendix_2.pdf Graphic file (type pdf)
<use hw4_decision_tree_Appendix_2.pdf, page 17>
Package pdftex.def Info: hw4_decision_tree_Appendix_2.pdf , page17 used on inpu
t line 66.
(pdftex.def)             Requested size: 614.58406pt x 795.3441pt.
 [19 <./hw4_decision_tree_Appendix_2.pdf>]
<hw4_decision_tree_Appendix_2.pdf, id=148, page=18, 614.295pt x 794.97pt>
File: hw4_decision_tree_Appendix_2.pdf Graphic file (type pdf)
<use hw4_decision_tree_Appendix_2.pdf, page 18>
Package pdftex.def Info: hw4_decision_tree_Appendix_2.pdf , page18 used on inpu
t line 66.
(pdftex.def)             Requested size: 614.58406pt x 795.3441pt.
File: hw4_decision_tree_Appendix_2.pdf Graphic file (type pdf)
<use hw4_decision_tree_Appendix_2.pdf, page 18>
Package pdftex.def Info: hw4_decision_tree_Appendix_2.pdf , page18 used on inpu
t line 66.
(pdftex.def)             Requested size: 614.58406pt x 795.3441pt.
File: hw4_decision_tree_Appendix_2.pdf Graphic file (type pdf)
<use hw4_decision_tree_Appendix_2.pdf, page 18>
Package pdftex.def Info: hw4_decision_tree_Appendix_2.pdf , page18 used on inpu
t line 66.
(pdftex.def)             Requested size: 614.58406pt x 795.3441pt.
 [20 <./hw4_decision_tree_Appendix_2.pdf>]
<hw4_decision_tree_Appendix_2.pdf, id=152, page=19, 614.295pt x 794.97pt>
File: hw4_decision_tree_Appendix_2.pdf Graphic file (type pdf)
<use hw4_decision_tree_Appendix_2.pdf, page 19>
Package pdftex.def Info: hw4_decision_tree_Appendix_2.pdf , page19 used on inpu
t line 66.
(pdftex.def)             Requested size: 614.58406pt x 795.3441pt.
File: hw4_decision_tree_Appendix_2.pdf Graphic file (type pdf)
<use hw4_decision_tree_Appendix_2.pdf, page 19>
Package pdftex.def Info: hw4_decision_tree_Appendix_2.pdf , page19 used on inpu
t line 66.
(pdftex.def)             Requested size: 614.58406pt x 795.3441pt.
File: hw4_decision_tree_Appendix_2.pdf Graphic file (type pdf)
<use hw4_decision_tree_Appendix_2.pdf, page 19>
Package pdftex.def Info: hw4_decision_tree_Appendix_2.pdf , page19 used on inpu
t line 66.
(pdftex.def)             Requested size: 614.58406pt x 795.3441pt.
 [21 <./hw4_decision_tree_Appendix_2.pdf>]
<hw4_decision_tree_Appendix_2.pdf, id=156, page=20, 614.295pt x 794.97pt>
File: hw4_decision_tree_Appendix_2.pdf Graphic file (type pdf)
<use hw4_decision_tree_Appendix_2.pdf, page 20>
Package pdftex.def Info: hw4_decision_tree_Appendix_2.pdf , page20 used on inpu
t line 66.
(pdftex.def)             Requested size: 614.58406pt x 795.3441pt.
File: hw4_decision_tree_Appendix_2.pdf Graphic file (type pdf)
<use hw4_decision_tree_Appendix_2.pdf, page 20>
Package pdftex.def Info: hw4_decision_tree_Appendix_2.pdf , page20 used on inpu
t line 66.
(pdftex.def)             Requested size: 614.58406pt x 795.3441pt.
File: hw4_decision_tree_Appendix_2.pdf Graphic file (type pdf)
<use hw4_decision_tree_Appendix_2.pdf, page 20>
Package pdftex.def Info: hw4_decision_tree_Appendix_2.pdf , page20 used on inpu
t line 66.
(pdftex.def)             Requested size: 614.58406pt x 795.3441pt.
 [22 <./hw4_decision_tree_Appendix_2.pdf>]
<hw4_decision_tree_Appendix_2.pdf, id=160, page=21, 614.295pt x 794.97pt>
File: hw4_decision_tree_Appendix_2.pdf Graphic file (type pdf)
<use hw4_decision_tree_Appendix_2.pdf, page 21>
Package pdftex.def Info: hw4_decision_tree_Appendix_2.pdf , page21 used on inpu
t line 66.
(pdftex.def)             Requested size: 614.58406pt x 795.3441pt.
File: hw4_decision_tree_Appendix_2.pdf Graphic file (type pdf)
<use hw4_decision_tree_Appendix_2.pdf, page 21>
Package pdftex.def Info: hw4_decision_tree_Appendix_2.pdf , page21 used on inpu
t line 66.
(pdftex.def)             Requested size: 614.58406pt x 795.3441pt.
File: hw4_decision_tree_Appendix_2.pdf Graphic file (type pdf)
<use hw4_decision_tree_Appendix_2.pdf, page 21>
Package pdftex.def Info: hw4_decision_tree_Appendix_2.pdf , page21 used on inpu
t line 66.
(pdftex.def)             Requested size: 614.58406pt x 795.3441pt.
 [23 <./hw4_decision_tree_Appendix_2.pdf>]
<hw4_decision_tree_Appendix_2.pdf, id=164, page=22, 614.295pt x 794.97pt>
File: hw4_decision_tree_Appendix_2.pdf Graphic file (type pdf)
<use hw4_decision_tree_Appendix_2.pdf, page 22>
Package pdftex.def Info: hw4_decision_tree_Appendix_2.pdf , page22 used on inpu
t line 66.
(pdftex.def)             Requested size: 614.58406pt x 795.3441pt.
File: hw4_decision_tree_Appendix_2.pdf Graphic file (type pdf)
<use hw4_decision_tree_Appendix_2.pdf, page 22>
Package pdftex.def Info: hw4_decision_tree_Appendix_2.pdf , page22 used on inpu
t line 66.
(pdftex.def)             Requested size: 614.58406pt x 795.3441pt.
File: hw4_decision_tree_Appendix_2.pdf Graphic file (type pdf)
<use hw4_decision_tree_Appendix_2.pdf, page 22>
Package pdftex.def Info: hw4_decision_tree_Appendix_2.pdf , page22 used on inpu
t line 66.
(pdftex.def)             Requested size: 614.58406pt x 795.3441pt.
 [24 <./hw4_decision_tree_Appendix_2.pdf>]
<hw4_decision_tree_Appendix_2.pdf, id=168, page=23, 614.295pt x 794.97pt>
File: hw4_decision_tree_Appendix_2.pdf Graphic file (type pdf)
<use hw4_decision_tree_Appendix_2.pdf, page 23>
Package pdftex.def Info: hw4_decision_tree_Appendix_2.pdf , page23 used on inpu
t line 66.
(pdftex.def)             Requested size: 614.58406pt x 795.3441pt.
File: hw4_decision_tree_Appendix_2.pdf Graphic file (type pdf)
<use hw4_decision_tree_Appendix_2.pdf, page 23>
Package pdftex.def Info: hw4_decision_tree_Appendix_2.pdf , page23 used on inpu
t line 66.
(pdftex.def)             Requested size: 614.58406pt x 795.3441pt.
File: hw4_decision_tree_Appendix_2.pdf Graphic file (type pdf)
<use hw4_decision_tree_Appendix_2.pdf, page 23>
Package pdftex.def Info: hw4_decision_tree_Appendix_2.pdf , page23 used on inpu
t line 66.
(pdftex.def)             Requested size: 614.58406pt x 795.3441pt.
 [25 <./hw4_decision_tree_Appendix_2.pdf>]
<hw4_decision_tree_Appendix_2.pdf, id=173, page=24, 614.295pt x 794.97pt>
File: hw4_decision_tree_Appendix_2.pdf Graphic file (type pdf)
<use hw4_decision_tree_Appendix_2.pdf, page 24>
Package pdftex.def Info: hw4_decision_tree_Appendix_2.pdf , page24 used on inpu
t line 66.
(pdftex.def)             Requested size: 614.58406pt x 795.3441pt.
File: hw4_decision_tree_Appendix_2.pdf Graphic file (type pdf)
<use hw4_decision_tree_Appendix_2.pdf, page 24>
Package pdftex.def Info: hw4_decision_tree_Appendix_2.pdf , page24 used on inpu
t line 66.
(pdftex.def)             Requested size: 614.58406pt x 795.3441pt.
File: hw4_decision_tree_Appendix_2.pdf Graphic file (type pdf)
<use hw4_decision_tree_Appendix_2.pdf, page 24>
Package pdftex.def Info: hw4_decision_tree_Appendix_2.pdf , page24 used on inpu
t line 66.
(pdftex.def)             Requested size: 614.58406pt x 795.3441pt.
 [26 <./hw4_decision_tree_Appendix_2.pdf>]
<hw4_decision_tree_Appendix_2.pdf, id=177, page=25, 614.295pt x 794.97pt>
File: hw4_decision_tree_Appendix_2.pdf Graphic file (type pdf)
<use hw4_decision_tree_Appendix_2.pdf, page 25>
Package pdftex.def Info: hw4_decision_tree_Appendix_2.pdf , page25 used on inpu
t line 66.
(pdftex.def)             Requested size: 614.58406pt x 795.3441pt.
File: hw4_decision_tree_Appendix_2.pdf Graphic file (type pdf)
<use hw4_decision_tree_Appendix_2.pdf, page 25>
Package pdftex.def Info: hw4_decision_tree_Appendix_2.pdf , page25 used on inpu
t line 66.
(pdftex.def)             Requested size: 614.58406pt x 795.3441pt.
File: hw4_decision_tree_Appendix_2.pdf Graphic file (type pdf)
<use hw4_decision_tree_Appendix_2.pdf, page 25>
Package pdftex.def Info: hw4_decision_tree_Appendix_2.pdf , page25 used on inpu
t line 66.
(pdftex.def)             Requested size: 614.58406pt x 795.3441pt.
 [27 <./hw4_decision_tree_Appendix_2.pdf>]
<hw4_decision_tree_Appendix_2.pdf, id=181, page=26, 614.295pt x 794.97pt>
File: hw4_decision_tree_Appendix_2.pdf Graphic file (type pdf)
<use hw4_decision_tree_Appendix_2.pdf, page 26>
Package pdftex.def Info: hw4_decision_tree_Appendix_2.pdf , page26 used on inpu
t line 66.
(pdftex.def)             Requested size: 614.58406pt x 795.3441pt.
File: hw4_decision_tree_Appendix_2.pdf Graphic file (type pdf)
<use hw4_decision_tree_Appendix_2.pdf, page 26>
Package pdftex.def Info: hw4_decision_tree_Appendix_2.pdf , page26 used on inpu
t line 66.
(pdftex.def)             Requested size: 614.58406pt x 795.3441pt.
File: hw4_decision_tree_Appendix_2.pdf Graphic file (type pdf)
<use hw4_decision_tree_Appendix_2.pdf, page 26>
Package pdftex.def Info: hw4_decision_tree_Appendix_2.pdf , page26 used on inpu
t line 66.
(pdftex.def)             Requested size: 614.58406pt x 795.3441pt.
 [28 <./hw4_decision_tree_Appendix_2.pdf>] (./hw4.aux) ) 
Here is how much of TeX's memory you used:
 4102 strings out of 492616
 59839 string characters out of 6129481
 143368 words of memory out of 5000000
 7959 multiletter control sequences out of 15000+600000
 5612 words of font info for 21 fonts, out of 8000000 for 9000
 1141 hyphenation exceptions out of 8191
 41i,18n,46p,522b,442s stack positions out of 5000i,500n,10000p,200000b,80000s
</usr/local/texlive/201
9/texmf-dist/fonts/type1/public/amsfonts/cm/cmbx10.pfb></usr/local/texlive/2019
/texmf-dist/fonts/type1/public/amsfonts/cm/cmbx12.pfb></usr/local/texlive/2019/
texmf-dist/fonts/type1/public/amsfonts/cm/cmex10.pfb></usr/local/texlive/2019/t
exmf-dist/fonts/type1/public/amsfonts/cm/cmmi6.pfb></usr/local/texlive/2019/tex
mf-dist/fonts/type1/public/amsfonts/cm/cmr10.pfb></usr/local/texlive/2019/texmf
-dist/fonts/type1/public/amsfonts/cm/cmsy6.pfb>
Output written on hw4.pdf (28 pages, 147156 bytes).
PDF statistics:
 203 PDF objects out of 1000 (max. 8388607)
 114 compressed objects within 2 object streams
 0 named destinations out of 1000 (max. 500000)
 146 words of extra memory for PDF output out of 10000 (max. 10000000)

